<?xml version="1.0" encoding="UTF-8"?>
<testsuite xmlns:xsi="http://www.w3.org/2001/XMLSchema-instance" xsi:schemaLocation="https://maven.apache.org/surefire/maven-surefire-plugin/xsd/surefire-test-report.xsd" name="cucumber.Options.TestRunner" time="31.769" tests="7" errors="0" skipped="0" failures="1">
  <properties>
    <property name="java.runtime.name" value="OpenJDK Runtime Environment"/>
    <property name="java.vm.version" value="11.0.15+10-Ubuntu-0ubuntu0.20.04.1"/>
    <property name="sun.boot.library.path" value="/usr/lib/jvm/java-11-openjdk-amd64/lib"/>
    <property name="maven.multiModuleProjectDirectory" value="/home/chinmayee/eclipse-workspace/WeavAI_API_Automation_BDD"/>
    <property name="java.vm.vendor" value="Private Build"/>
    <property name="java.vendor.url" value="Unknown"/>
    <property name="guice.disable.misplaced.annotation.check" value="true"/>
    <property name="path.separator" value=":"/>
    <property name="java.vm.name" value="OpenJDK 64-Bit Server VM"/>
    <property name="sun.os.patch.level" value="unknown"/>
    <property name="user.country" value="IN"/>
    <property name="sun.java.launcher" value="SUN_STANDARD"/>
    <property name="java.vm.specification.name" value="Java Virtual Machine Specification"/>
    <property name="user.dir" value="/home/chinmayee/eclipse-workspace/WeavAI_API_Automation_BDD"/>
    <property name="java.vm.compressedOopsMode" value="Zero based"/>
    <property name="java.runtime.version" value="11.0.15+10-Ubuntu-0ubuntu0.20.04.1"/>
    <property name="java.awt.graphicsenv" value="sun.awt.X11GraphicsEnvironment"/>
    <property name="os.arch" value="amd64"/>
    <property name="java.io.tmpdir" value="/tmp"/>
    <property name="line.separator" value="&#10;"/>
    <property name="java.vm.specification.vendor" value="Oracle Corporation"/>
    <property name="os.name" value="Linux"/>
    <property name="classworlds.conf" value="/home/chinmayee/apache-maven-3.8.5-bin/apache-maven-3.8.5/bin/m2.conf"/>
    <property name="sun.jnu.encoding" value="UTF-8"/>
    <property name="java.library.path" value="/usr/java/packages/lib:/usr/lib/x86_64-linux-gnu/jni:/lib/x86_64-linux-gnu:/usr/lib/x86_64-linux-gnu:/usr/lib/jni:/lib:/usr/lib"/>
    <property name="maven.conf" value="/home/chinmayee/apache-maven-3.8.5-bin/apache-maven-3.8.5/conf"/>
    <property name="jdk.debug" value="release"/>
    <property name="java.class.version" value="55.0"/>
    <property name="java.specification.name" value="Java Platform API Specification"/>
    <property name="sun.management.compiler" value="HotSpot 64-Bit Tiered Compilers"/>
    <property name="os.version" value="5.13.0-44-generic"/>
    <property name="library.jansi.path" value="/home/chinmayee/apache-maven-3.8.5-bin/apache-maven-3.8.5/lib/jansi-native"/>
    <property name="user.home" value="/home/chinmayee"/>
    <property name="user.timezone" value="Asia/Kolkata"/>
    <property name="java.awt.printerjob" value="sun.print.PSPrinterJob"/>
    <property name="file.encoding" value="UTF-8"/>
    <property name="java.specification.version" value="11"/>
    <property name="user.name" value="chinmayee"/>
    <property name="java.class.path" value="/home/chinmayee/apache-maven-3.8.5-bin/apache-maven-3.8.5/boot/plexus-classworlds-2.6.0.jar"/>
    <property name="java.vm.specification.version" value="11"/>
    <property name="sun.arch.data.model" value="64"/>
    <property name="sun.java.command" value="org.codehaus.plexus.classworlds.launcher.Launcher clean install"/>
    <property name="java.home" value="/usr/lib/jvm/java-11-openjdk-amd64"/>
    <property name="user.language" value="en"/>
    <property name="java.specification.vendor" value="Oracle Corporation"/>
    <property name="awt.toolkit" value="sun.awt.X11.XToolkit"/>
    <property name="java.vm.info" value="mixed mode, sharing"/>
    <property name="java.version" value="11.0.15"/>
    <property name="java.vendor" value="Private Build"/>
    <property name="maven.home" value="/home/chinmayee/apache-maven-3.8.5-bin/apache-maven-3.8.5"/>
    <property name="file.separator" value="/"/>
    <property name="java.version.date" value="2022-04-19"/>
    <property name="java.vendor.url.bug" value="Unknown"/>
    <property name="sun.io.unicode.encoding" value="UnicodeLittle"/>
    <property name="sun.cpu.endian" value="little"/>
    <property name="sun.desktop" value="gnome"/>
    <property name="sun.cpu.isalist" value=""/>
  </properties>
  <testcase name="Verify Get_col_stats passes positive test cases #1" classname="Validation of Get_col_stats API" time="13.68"/>
  <testcase name="Verify Get_col_stats passes positive test cases #2" classname="Validation of Get_col_stats API" time="11.524"/>
  <testcase name="Verify Get_col_stats when no input file is given" classname="Validation of Get_col_stats API" time="0.229"/>
  <testcase name="Verify Get_col_stats when no datasetid or version id is provided" classname="Validation of Get_col_stats API" time="0.026"/>
  <testcase name="Verify Get_Rows passes positive test cases" classname="Validation of Get_Rows API" time="5.589"/>
  <testcase name="Verify Get_Rows when no input file is given" classname="Validation of Get_Rows API" time="0.361">
    <failure message="expected:&lt;500&gt; but was:&lt;400&gt;" type="java.lang.AssertionError"><![CDATA[java.lang.AssertionError: expected:<500> but was:<400>
]]></failure>
    <system-out><![CDATA[Request method:	POST
Request URI:	http://localhost:7001/api/v1/dataset/add_by_path
Proxy:			<none>
Request params:	<none>
Query params:	<none>
Form params:	<none>
Path params:	<none>
Headers:		Accept=*/*
				Content-Type=application/json
Cookies:		<none>
Multiparts:		<none>
Body:
{
    "project_id": "Us_census_data",
    "url_path": "/weav-data/uploaded-raw-files",
    "artifact_id": "",
    "dataset_name": "Us_census_data",
    "destination_path": "raw",
    "destination": "Custom Destination",
    "tags": [
        
    ],
    "file_type": "csv",
    "connector_id": "7e96005d-cbd3-4353-aa87-a5d305641ccc",
    "source_name": "file",
    "connector_name": "file"
}
{"data":{"dataset_id":"09c3fdcd-a726-4efb-b1bb-93494f7fcf76","version_id":"1.0.1653664181"},"status":{"code":200,"result":"success"}}

Request method:	POST
Request URI:	http://localhost:7013/api/v1/get_rows
Proxy:			<none>
Request params:	<none>
Query params:	<none>
Form params:	<none>
Path params:	<none>
Headers:		Accept=*/*
				Content-Type=application/json
Cookies:		<none>
Multiparts:		<none>
Body:
{
    "dataset_id": "09c3fdcd-a726-4efb-b1bb-93494f7fcf76",
    "version_id": "1.0.1653664181",
    "user_id": "Sheshan01",
    "session_id": "session007",
    "sort_obj": {
        "col_name": "Percentage",
        "order": "DESC"
    },
    "row_count": 15,
    "show_cols": [
        "Single",
        "Question",
        "Segment Type",
        "Count",
        "Segment Description",
        "Answer",
        "Percentage",
        "timestamp"
    ]
}
**********************************Resonse Data*************************************
{
  "data": "please provide file_name to perform specific operations: \"None of [Index(['timestamp', 'Percentage', 'Answer', 'Question', 'Count',\\n       'Segment Type', 'Single', 'Segment Description'],\\n      dtype='object')] are in the [columns]\"", 
  "status": {
    "code": 500, 
    "result": "fail"
  }
}

]]></system-out>
  </testcase>
  <testcase name="Verify Get_Rows when no datasetid or version id is provided" classname="Validation of Get_Rows API" time="0.02"/>
</testsuite>